<?xml version="1.0" encoding="UTF-8"?>
<!-- Generated by org.testng.reporters.JUnitReportReporter -->
<testsuite hostname="DESKTOP-RRR4LHT" failures="0" tests="1" name="operations.PostTest" time="3.036" errors="0" timestamp="2021-12-13T14:29:56 IST" skipped="0">
  <testcase classname="operations.PostTest" name="test2" time="3.036"/>
  <system-out/>
</testsuite> <!-- operations.PostTest -->
