<?xml version="1.0" encoding="UTF-8"?>
<!-- Generated by org.testng.reporters.JUnitReportReporter -->
<testsuite hostname="DESKTOP-RRR4LHT" failures="0" tests="3" name="idempotentOperations.GetPutDeleteTest" time="3.661" errors="0" timestamp="2021-12-13T14:27:01 IST" skipped="0">
  <testcase classname="idempotentOperations.GetPutDeleteTest" name="Get" time="0.299"/>
  <system-out/>
  <testcase classname="idempotentOperations.GetPutDeleteTest" name="Put" time="0.568"/>
  <system-out/>
  <testcase classname="idempotentOperations.GetPutDeleteTest" name="Delete" time="2.794"/>
  <system-out/>
</testsuite> <!-- idempotentOperations.GetPutDeleteTest -->
